[00:48:48] [Server thread/INFO]: Starting minecraft server version 1.7.10
[00:48:48] [Server console handler/ERROR]: Exception handling console input
java.io.IOException: Identificador inválido
	at java.io.FileInputStream.readBytes(Native Method) ~[?:1.8.0_77]
	at java.io.FileInputStream.read(Unknown Source) ~[?:1.8.0_77]
	at java.io.BufferedInputStream.read1(Unknown Source) ~[?:1.8.0_77]
	at java.io.BufferedInputStream.read(Unknown Source) ~[?:1.8.0_77]
	at sun.nio.cs.StreamDecoder.readBytes(Unknown Source) ~[?:1.8.0_77]
	at sun.nio.cs.StreamDecoder.implRead(Unknown Source) ~[?:1.8.0_77]
	at sun.nio.cs.StreamDecoder.read(Unknown Source) ~[?:1.8.0_77]
	at java.io.InputStreamReader.read(Unknown Source) ~[?:1.8.0_77]
	at java.io.BufferedReader.fill(Unknown Source) ~[?:1.8.0_77]
	at java.io.BufferedReader.readLine(Unknown Source) ~[?:1.8.0_77]
	at java.io.BufferedReader.readLine(Unknown Source) ~[?:1.8.0_77]
	at net.minecraft.server.dedicated.DedicatedServer$2.run(DedicatedServer.java:97) [lv.class:?]
[00:49:19] [Server thread/INFO]: Loading properties
[00:49:19] [Server thread/INFO]: Default game type: SURVIVAL
[00:49:19] [Server thread/INFO]: Generating keypair
[00:49:19] [Server thread/INFO]: Starting Minecraft server on 25.14.19.109:25565
[00:49:19] [Server thread/WARN]: **** SERVER IS RUNNING IN OFFLINE/INSECURE MODE!
[00:49:19] [Server thread/WARN]: The server will make no attempt to authenticate usernames. Beware.
[00:49:19] [Server thread/WARN]: While this makes the game possible to play without internet access, it also opens up the ability for hackers to connect with any username they choose.
[00:49:19] [Server thread/WARN]: To change this, set "online-mode" to "true" in the server.properties file.
[00:49:33] [Server thread/INFO]: Preparing level "world"
[00:49:34] [Server thread/INFO]: Preparing start region for level 0
[00:49:35] [Server thread/INFO]: Preparing spawn area: 18%
[00:49:36] [Server thread/INFO]: Done (2,761s)! For help, type "help" or "?"
[00:55:26] [Server thread/INFO]: SnokeOne[/25.146.16.109:64517] logged in with entity id 151 at (-76.64798148733777, 51.0, -388.83231238790034)
[00:55:26] [Server thread/INFO]: SnokeOne joined the game
[01:38:31] [Server thread/INFO]: SnokeOne lost connection: TextComponent{text='A fatal error has occured, this connection is terminated', siblings=[], style=Style{hasParent=false, color=null, bold=null, italic=null, underlined=null, obfuscated=null, clickEvent=null, hoverEvent=null}}
[01:38:31] [Server thread/INFO]: SnokeOne left the game
[01:38:40] [Server thread/INFO]: SnokeOne[/25.146.16.109:65419] logged in with entity id 42505 at (-85.14056871921365, 51.0, -376.1121794480816)
[01:38:40] [Server thread/INFO]: SnokeOne joined the game
[02:02:09] [Server thread/INFO]: SnokeOne lost connection: TextComponent{text='Disconnected', siblings=[], style=Style{hasParent=false, color=null, bold=null, italic=null, underlined=null, obfuscated=null, clickEvent=null, hoverEvent=null}}
[02:02:09] [Server thread/INFO]: SnokeOne left the game
[02:04:23] [Server thread/INFO]: SnokeOne[/25.146.16.109:49648] logged in with entity id 61208 at (-83.06544411287506, 51.0, -379.19717654458066)
[02:04:23] [Server thread/INFO]: SnokeOne joined the game
[02:07:49] [Server thread/INFO]: SnokeOne has just earned the achievement [Meteorite Hunter]
[02:23:05] [Server thread/INFO]: SnokeOne fell from a high place
[02:24:45] [Server thread/INFO]: SnokeOne lost connection: TextComponent{text='Disconnected', siblings=[], style=Style{hasParent=false, color=null, bold=null, italic=null, underlined=null, obfuscated=null, clickEvent=null, hoverEvent=null}}
[02:24:45] [Server thread/INFO]: SnokeOne left the game
[07:35:12] [Server thread/INFO]: Stopping the server
[07:35:13] [Server thread/INFO]: Stopping server
[07:35:13] [Server thread/INFO]: Saving players
[07:35:13] [Server thread/INFO]: Saving worlds
[07:35:13] [Server thread/INFO]: Saving chunks for level 'world'/Overworld
[07:35:13] [Server thread/INFO]: Saving chunks for level 'world'/Nether
[07:35:13] [Server thread/INFO]: Saving chunks for level 'world'/The End
[07:35:13] [Server thread/INFO]: Saving chunks for level 'world'/Spirit World
[07:35:13] [Server thread/INFO]: Saving chunks for level 'world'/Torment
[07:35:13] [Server thread/INFO]: Saving chunks for level 'world'/Mirror
[07:35:13] [Server thread/INFO]: Saving chunks for level 'world'/Bedrock
[07:35:13] [Server thread/INFO]: Saving chunks for level 'world'/The Outer Lands
